<?xml version="1.0" encoding="UTF-8"?>
<!-- Generated by org.testng.reporters.JUnitXMLReporter -->
<testsuite ignored="0" hostname="DESKTOP-3R73L8V" failures="3" tests="4" name="BankingApp Test(failed)" time="36.559" errors="0" timestamp="24 Nov 2018 02:31:09 GMT">
  <testcase classname="com.inetbanking.testCases.TC_LoginDDT_002" name="loginDDT" time="6.104">
    <failure type="java.lang.AssertionError" message="expected [true] but found [false]">
      <![CDATA[java.lang.AssertionError: expected [true] but found [false]
at com.inetbanking.testCases.TC_LoginDDT_002.loginDDT(TC_LoginDDT_002.java:32)
... Removed 29 stack frames]]>
    </failure>
  </testcase> <!-- loginDDT -->
  <testcase classname="com.inetbanking.testCases.TC_LoginDDT_002" name="loginDDT" time="6.213">
    <failure type="java.lang.AssertionError" message="expected [true] but found [false]">
      <![CDATA[java.lang.AssertionError: expected [true] but found [false]
at com.inetbanking.testCases.TC_LoginDDT_002.loginDDT(TC_LoginDDT_002.java:32)
... Removed 29 stack frames]]>
    </failure>
  </testcase> <!-- loginDDT -->
  <testcase classname="com.inetbanking.testCases.TC_LoginDDT_002" name="loginDDT" time="5.348">
    <failure type="java.lang.AssertionError" message="expected [true] but found [false]">
      <![CDATA[java.lang.AssertionError: expected [true] but found [false]
at com.inetbanking.testCases.TC_LoginDDT_002.loginDDT(TC_LoginDDT_002.java:32)
... Removed 29 stack frames]]>
    </failure>
  </testcase> <!-- loginDDT -->
  <testcase classname="com.inetbanking.testCases.TC_LoginTest_001" name="loginTest" time="1.857"/>
</testsuite> <!-- BankingApp Test(failed) -->
